<?xml version="1.0" encoding="UTF-8"?>
<testsuite name="no.hiof.groupproject.tools.LocationTest" tests="6" skipped="0" failures="0" errors="0" timestamp="2022-10-25T12:03:43" hostname="Stians-MacBook-Air.local" time="3.389">
  <properties/>
  <testcase name="VerifyThatSendGetRequestIsExecuted()" classname="no.hiof.groupproject.tools.LocationTest" time="0.174"/>
  <testcase name="OnGoodConnectionCheckResponseReturn200()" classname="no.hiof.groupproject.tools.LocationTest" time="0.65"/>
  <testcase name="VerifyThatGetDataFromApiReturnsData()" classname="no.hiof.groupproject.tools.LocationTest" time="1.276"/>
  <testcase name="OnBadConnectionThrowRunTimeException()" classname="no.hiof.groupproject.tools.LocationTest" time="0.027"/>
  <testcase name="VerifyThatDataIsMappedToJsonNodeObject()" classname="no.hiof.groupproject.tools.LocationTest" time="0.691"/>
  <testcase name="VerifyThatGetLocationInfoReturnNiceFormattedString()" classname="no.hiof.groupproject.tools.LocationTest" time="0.522"/>
  <system-out><![CDATA[]]></system-out>
  <system-err><![CDATA[]]></system-err>
</testsuite>
