<?xml version="1.0" encoding="UTF-8"?>
<testsuite name="no.hiof.groupproject.tools.db.DatabasePersistenceTest" tests="25" skipped="0" failures="0" errors="0" timestamp="2022-11-16T19:40:43" hostname="DESKTOP-P1M6OUN" time="28.097">
  <properties/>
  <testcase name="assertsBookingsCanBeSerialised()" classname="no.hiof.groupproject.tools.db.DatabasePersistenceTest" time="2.004"/>
  <testcase name="assertsBookingsThatClashWillNotBeSerialised()" classname="no.hiof.groupproject.tools.db.DatabasePersistenceTest" time="1.987"/>
  <testcase name="assertsUserCreatesUserProfile()" classname="no.hiof.groupproject.tools.db.DatabasePersistenceTest" time="0.009"/>
  <testcase name="assertsRentOutAdDateChangedIsUpdated()" classname="no.hiof.groupproject.tools.db.DatabasePersistenceTest" time="3.95"/>
  <testcase name="assertsRatingsCanBeSerialised()" classname="no.hiof.groupproject.tools.db.DatabasePersistenceTest" time="0.089"/>
  <testcase name="assertsRentOutAdCanBeSerialised()" classname="no.hiof.groupproject.tools.db.DatabasePersistenceTest" time="1.933"/>
  <testcase name="assertsLicenseCanBeSerialised()" classname="no.hiof.groupproject.tools.db.DatabasePersistenceTest" time="0.012"/>
  <testcase name="assertsUserProfileIsSerialisedWhenUserClassIsCreated()" classname="no.hiof.groupproject.tools.db.DatabasePersistenceTest" time="0.026"/>
  <testcase name="assertsVehiclesCanBeSerialised()" classname="no.hiof.groupproject.tools.db.DatabasePersistenceTest" time="0.004"/>
  <testcase name="assertsAvailableWithinPeriodCanBeSerialised()" classname="no.hiof.groupproject.tools.db.DatabasePersistenceTest" time="1.936"/>
  <testcase name="assertsUserUpgradeCreatesUserProfile()" classname="no.hiof.groupproject.tools.db.DatabasePersistenceTest" time="0.009"/>
  <testcase name="assertsUserClassCanBeUpdatedAndReserialised()" classname="no.hiof.groupproject.tools.db.DatabasePersistenceTest" time="0.017"/>
  <testcase name="assertsAverageRatingsCanBeUpdated()" classname="no.hiof.groupproject.tools.db.DatabasePersistenceTest" time="0.104"/>
  <testcase name="assertsUserClassBasicIsSerialised()" classname="no.hiof.groupproject.tools.db.DatabasePersistenceTest" time="0.006"/>
  <testcase name="assertsRatingsCanBeUpdated()" classname="no.hiof.groupproject.tools.db.DatabasePersistenceTest" time="0.064"/>
  <testcase name="assertsRentOutAdDateCreatedIsCorrect()" classname="no.hiof.groupproject.tools.db.DatabasePersistenceTest" time="3.811"/>
  <testcase name="assertsInsertAndDeleteFromDB()" classname="no.hiof.groupproject.tools.db.DatabasePersistenceTest" time="0.039"/>
  <testcase name="assertsUserBasicDoesNotCreateUserProfile()" classname="no.hiof.groupproject.tools.db.DatabasePersistenceTest" time="0.007"/>
  <testcase name="assertsBookingsWithDateBeforePresentWillNotBeSerialised()" classname="no.hiof.groupproject.tools.db.DatabasePersistenceTest" time="1.965"/>
  <testcase name="assertsAllVehiclesCanBeDeserialised()" classname="no.hiof.groupproject.tools.db.DatabasePersistenceTest" time="9.98"/>
  <testcase name="assertsPaymentsCanBeSerialised()" classname="no.hiof.groupproject.tools.db.DatabasePersistenceTest" time="0.02"/>
  <testcase name="assertsAverageRatingsCanBeCalculated()" classname="no.hiof.groupproject.tools.db.DatabasePersistenceTest" time="0.083"/>
  <testcase name="assertsUserCanBeEdited()" classname="no.hiof.groupproject.tools.db.DatabasePersistenceTest" time="0.027"/>
  <testcase name="assertsLicensesCanBeSerialised()" classname="no.hiof.groupproject.tools.db.DatabasePersistenceTest" time="0.002"/>
  <testcase name="assertsUserClassIsSerialised()" classname="no.hiof.groupproject.tools.db.DatabasePersistenceTest" time="0.005"/>
  <system-out><![CDATA[[SQLITE_CONSTRAINT_NOTNULL] A NOT NULL constraint failed (NOT NULL constraint failed: users.password)
[SQLITE_CONSTRAINT_NOTNULL] A NOT NULL constraint failed (NOT NULL constraint failed: users.password)
[SQLITE_CONSTRAINT_NOTNULL] A NOT NULL constraint failed (NOT NULL constraint failed: users.password)
[SQLITE_CONSTRAINT_NOTNULL] A NOT NULL constraint failed (NOT NULL constraint failed: users.password)
[SQLITE_CONSTRAINT_NOTNULL] A NOT NULL constraint failed (NOT NULL constraint failed: users.password)
]]></system-out>
  <system-err><![CDATA[]]></system-err>
</testsuite>
