<?xml version="1.0" encoding="UTF-8"?>
<testsuite name="no.hiof.groupproject.tools.DeadlineTest" tests="3" skipped="0" failures="0" errors="0" timestamp="2022-10-25T12:05:22" hostname="Stians-MacBook-Air.local" time="0.006">
  <properties/>
  <testcase name="beforeDeadline()" classname="no.hiof.groupproject.tools.DeadlineTest" time="0.001"/>
  <testcase name="afterDeadline()" classname="no.hiof.groupproject.tools.DeadlineTest" time="0.001"/>
  <testcase name="sameDayAsDeadline()" classname="no.hiof.groupproject.tools.DeadlineTest" time="0.0"/>
  <system-out><![CDATA[]]></system-out>
  <system-err><![CDATA[]]></system-err>
</testsuite>
