<?xml version="1.0" encoding="UTF-8"?>
<testsuite name="no.hiof.groupproject.tools.VerifyLicenseTest" tests="5" skipped="0" failures="0" errors="0" timestamp="2022-11-02T13:04:55" hostname="DESKTOP-P1M6OUN" time="0.031">
  <properties/>
  <testcase name="CheckIfCountryOfIssueIsNotNorway()" classname="no.hiof.groupproject.tools.VerifyLicenseTest" time="0.02"/>
  <testcase name="CheckIfFunctionReturnFalseOnWrongPattern()" classname="no.hiof.groupproject.tools.VerifyLicenseTest" time="0.0"/>
  <testcase name="CheckIfCountryOfIssueIsNorway()" classname="no.hiof.groupproject.tools.VerifyLicenseTest" time="0.0"/>
  <testcase name="CheckIfFunctionReturnTrueOnCorrectPattern()" classname="no.hiof.groupproject.tools.VerifyLicenseTest" time="0.0"/>
  <testcase name="CheckIfDateOfIssueIsBeforeNow()" classname="no.hiof.groupproject.tools.VerifyLicenseTest" time="0.007"/>
  <system-out><![CDATA[]]></system-out>
  <system-err><![CDATA[]]></system-err>
</testsuite>
