<?xml version="1.0" encoding="UTF-8"?>
<testsuite name="no.hiof.groupproject.tools.VerifyLogInSignUpTest" tests="4" skipped="0" failures="0" errors="0" timestamp="2022-11-20T15:21:24" hostname="Stians-MacBook-Air.local" time="0.031">
  <properties/>
  <testcase name="checkMemberValiduser()" classname="no.hiof.groupproject.tools.VerifyLogInSignUpTest" time="0.025"/>
  <testcase name="checkMemberViaSignUpFacebook()" classname="no.hiof.groupproject.tools.VerifyLogInSignUpTest" time="0.001"/>
  <testcase name="checkMemberviaSignUp()" classname="no.hiof.groupproject.tools.VerifyLogInSignUpTest" time="0.001"/>
  <testcase name="checkMemberViaSignUpGoogle()" classname="no.hiof.groupproject.tools.VerifyLogInSignUpTest" time="0.001"/>
  <system-out><![CDATA[]]></system-out>
  <system-err><![CDATA[]]></system-err>
</testsuite>
