<?xml version="1.0" encoding="UTF-8"?>
<testsuite name="no.hiof.groupproject.Controller.LogInControllerTest" tests="1" skipped="0" failures="0" errors="0" timestamp="2022-11-20T15:22:53" hostname="Stians-MacBook-Air.local" time="0.001">
  <properties/>
  <testcase name="checkMemberValiduser()" classname="no.hiof.groupproject.Controller.LogInControllerTest" time="0.001"/>
  <system-out><![CDATA[]]></system-out>
  <system-err><![CDATA[]]></system-err>
</testsuite>
