<?xml version="1.0" encoding="UTF-8"?>
<testsuite name="no.hiof.groupproject.tools.VerifyInsuranceTest" tests="3" skipped="0" failures="0" errors="0" timestamp="2022-10-17T17:50:18" hostname="Stians-MacBook-Air.local" time="0.216">
  <properties/>
  <testcase name="TestIfResultsGetRegisteredInHashMap()" classname="no.hiof.groupproject.tools.VerifyInsuranceTest" time="0.173"/>
  <testcase name="TestIfFunctionReturnInsuredIfInsured()" classname="no.hiof.groupproject.tools.VerifyInsuranceTest" time="0.02"/>
  <testcase name="TestIfFunctionReturnNotInsuredIfNotInsured()" classname="no.hiof.groupproject.tools.VerifyInsuranceTest" time="0.003"/>
  <system-out><![CDATA[]]></system-out>
  <system-err><![CDATA[]]></system-err>
</testsuite>
