<?xml version="1.0" encoding="UTF-8"?>
<testsuite name="no.hiof.groupproject.tools.chat.ChatRoomTest" tests="4" skipped="0" failures="0" errors="0" timestamp="2022-11-13T22:23:54" hostname="Stians-MacBook-Air.local" time="0.172">
  <properties/>
  <testcase name="VerifyThatClearLogClearsTheMessageLog()" classname="no.hiof.groupproject.tools.chat.ChatRoomTest" time="0.096"/>
  <testcase name="VerifyThatSendMessageDoNotStoreMessagesThatExist()" classname="no.hiof.groupproject.tools.chat.ChatRoomTest" time="0.013"/>
  <testcase name="VerifyThatGetMessageLogRetrieveDataFromDatabase()" classname="no.hiof.groupproject.tools.chat.ChatRoomTest" time="0.017"/>
  <testcase name="VerifyThatSendMessageSerialiseMessages()" classname="no.hiof.groupproject.tools.chat.ChatRoomTest" time="0.016"/>
  <system-out><![CDATA[]]></system-out>
  <system-err><![CDATA[]]></system-err>
</testsuite>
