<?xml version="1.0" encoding="UTF-8"?>
<testsuite name="no.hiof.groupproject.models.RemoveBookingTest" tests="1" skipped="0" failures="0" errors="0" timestamp="2022-11-20T15:22:49" hostname="Stians-MacBook-Air.local" time="1.85">
  <properties/>
  <testcase name="assertsBookingIsRemovedFromArrayListAndDatabase()" classname="no.hiof.groupproject.models.RemoveBookingTest" time="1.85"/>
  <system-out><![CDATA[[SQLITE_CONSTRAINT_NOTNULL] A NOT NULL constraint failed (NOT NULL constraint failed: users.password)
[SQLITE_CONSTRAINT_NOTNULL] A NOT NULL constraint failed (NOT NULL constraint failed: users.password)
]]></system-out>
  <system-err><![CDATA[]]></system-err>
</testsuite>
