<?xml version="1.0" encoding="UTF-8"?>
<testsuite name="no.hiof.groupproject.Controller.LogInControllerTest" tests="1" skipped="0" failures="0" errors="0" timestamp="2022-11-16T19:39:49" hostname="DESKTOP-P1M6OUN" time="0.003">
  <properties/>
  <testcase name="checkMemberValiduser()" classname="no.hiof.groupproject.Controller.LogInControllerTest" time="0.003"/>
  <system-out><![CDATA[]]></system-out>
  <system-err><![CDATA[]]></system-err>
</testsuite>
