<?xml version="1.0" encoding="UTF-8"?>
<testsuite name="no.hiof.groupproject.tools.db.DatabasePersistenceTest" tests="25" skipped="0" failures="1" errors="0" timestamp="2022-11-20T15:22:13" hostname="Stians-MacBook-Air.local" time="27.973">
  <properties/>
  <testcase name="assertsBookingsCanBeSerialised()" classname="no.hiof.groupproject.tools.db.DatabasePersistenceTest" time="2.069"/>
  <testcase name="assertsBookingsThatClashWillNotBeSerialised()" classname="no.hiof.groupproject.tools.db.DatabasePersistenceTest" time="1.916"/>
  <testcase name="assertsUserCreatesUserProfile()" classname="no.hiof.groupproject.tools.db.DatabasePersistenceTest" time="0.008"/>
  <testcase name="assertsRentOutAdDateChangedIsUpdated()" classname="no.hiof.groupproject.tools.db.DatabasePersistenceTest" time="3.973">
    <failure message="org.opentest4j.AssertionFailedError: expected: &lt;2022-11-20&gt; but was: &lt;2022-11-16&gt;" type="org.opentest4j.AssertionFailedError">org.opentest4j.AssertionFailedError: expected: &lt;2022-11-20&gt; but was: &lt;2022-11-16&gt;
	at app/org.junit.jupiter.api@5.9.0/org.junit.jupiter.api.AssertionFailureBuilder.build(AssertionFailureBuilder.java:151)
	at app/org.junit.jupiter.api@5.9.0/org.junit.jupiter.api.AssertionFailureBuilder.buildAndThrow(AssertionFailureBuilder.java:132)
	at app/org.junit.jupiter.api@5.9.0/org.junit.jupiter.api.AssertEquals.failNotEqual(AssertEquals.java:197)
	at app/org.junit.jupiter.api@5.9.0/org.junit.jupiter.api.AssertEquals.assertEquals(AssertEquals.java:182)
	at app/org.junit.jupiter.api@5.9.0/org.junit.jupiter.api.AssertEquals.assertEquals(AssertEquals.java:177)
	at app/org.junit.jupiter.api@5.9.0/org.junit.jupiter.api.Assertions.assertEquals(Assertions.java:1141)
	at app/com.example.java_project@1.0-SNAPSHOT/no.hiof.groupproject.tools.db.DatabasePersistenceTest.assertsRentOutAdDateChangedIsUpdated(DatabasePersistenceTest.java:422)
	at java.base@17.0.1/jdk.internal.reflect.NativeMethodAccessorImpl.invoke0(Native Method)
	at java.base@17.0.1/jdk.internal.reflect.NativeMethodAccessorImpl.invoke(NativeMethodAccessorImpl.java:77)
	at java.base@17.0.1/jdk.internal.reflect.DelegatingMethodAccessorImpl.invoke(DelegatingMethodAccessorImpl.java:43)
	at java.base@17.0.1/java.lang.reflect.Method.invoke(Method.java:568)
	at app/org.junit.platform.commons@1.9.0/org.junit.platform.commons.util.ReflectionUtils.invokeMethod(ReflectionUtils.java:727)
	at app/org.junit.jupiter.engine@5.9.0/org.junit.jupiter.engine.execution.MethodInvocation.proceed(MethodInvocation.java:60)
	at app/org.junit.jupiter.engine@5.9.0/org.junit.jupiter.engine.execution.InvocationInterceptorChain$ValidatingInvocation.proceed(InvocationInterceptorChain.java:131)
	at app/org.junit.jupiter.engine@5.9.0/org.junit.jupiter.engine.extension.TimeoutExtension.intercept(TimeoutExtension.java:156)
	at app/org.junit.jupiter.engine@5.9.0/org.junit.jupiter.engine.extension.TimeoutExtension.interceptTestableMethod(TimeoutExtension.java:147)
	at app/org.junit.jupiter.engine@5.9.0/org.junit.jupiter.engine.extension.TimeoutExtension.interceptTestMethod(TimeoutExtension.java:86)
	at app/org.junit.jupiter.engine@5.9.0/org.junit.jupiter.engine.execution.InterceptingExecutableInvoker$ReflectiveInterceptorCall.lambda$ofVoidMethod$0(InterceptingExecutableInvoker.java:103)
	at app/org.junit.jupiter.engine@5.9.0/org.junit.jupiter.engine.execution.InterceptingExecutableInvoker.lambda$invoke$0(InterceptingExecutableInvoker.java:93)
	at app/org.junit.jupiter.engine@5.9.0/org.junit.jupiter.engine.execution.InvocationInterceptorChain$InterceptedInvocation.proceed(InvocationInterceptorChain.java:106)
	at app/org.junit.jupiter.engine@5.9.0/org.junit.jupiter.engine.execution.InvocationInterceptorChain.proceed(InvocationInterceptorChain.java:64)
	at app/org.junit.jupiter.engine@5.9.0/org.junit.jupiter.engine.execution.InvocationInterceptorChain.chainAndInvoke(InvocationInterceptorChain.java:45)
	at app/org.junit.jupiter.engine@5.9.0/org.junit.jupiter.engine.execution.InvocationInterceptorChain.invoke(InvocationInterceptorChain.java:37)
	at app/org.junit.jupiter.engine@5.9.0/org.junit.jupiter.engine.execution.InterceptingExecutableInvoker.invoke(InterceptingExecutableInvoker.java:92)
	at app/org.junit.jupiter.engine@5.9.0/org.junit.jupiter.engine.execution.InterceptingExecutableInvoker.invoke(InterceptingExecutableInvoker.java:86)
	at app/org.junit.jupiter.engine@5.9.0/org.junit.jupiter.engine.descriptor.TestMethodTestDescriptor.lambda$invokeTestMethod$7(TestMethodTestDescriptor.java:217)
	at app/org.junit.platform.engine@1.9.0/org.junit.platform.engine.support.hierarchical.ThrowableCollector.execute(ThrowableCollector.java:73)
	at app/org.junit.jupiter.engine@5.9.0/org.junit.jupiter.engine.descriptor.TestMethodTestDescriptor.invokeTestMethod(TestMethodTestDescriptor.java:213)
	at app/org.junit.jupiter.engine@5.9.0/org.junit.jupiter.engine.descriptor.TestMethodTestDescriptor.execute(TestMethodTestDescriptor.java:138)
	at app/org.junit.jupiter.engine@5.9.0/org.junit.jupiter.engine.descriptor.TestMethodTestDescriptor.execute(TestMethodTestDescriptor.java:68)
	at app/org.junit.platform.engine@1.9.0/org.junit.platform.engine.support.hierarchical.NodeTestTask.lambda$executeRecursively$6(NodeTestTask.java:151)
	at app/org.junit.platform.engine@1.9.0/org.junit.platform.engine.support.hierarchical.ThrowableCollector.execute(ThrowableCollector.java:73)
	at app/org.junit.platform.engine@1.9.0/org.junit.platform.engine.support.hierarchical.NodeTestTask.lambda$executeRecursively$8(NodeTestTask.java:141)
	at app/org.junit.platform.engine@1.9.0/org.junit.platform.engine.support.hierarchical.Node.around(Node.java:137)
	at app/org.junit.platform.engine@1.9.0/org.junit.platform.engine.support.hierarchical.NodeTestTask.lambda$executeRecursively$9(NodeTestTask.java:139)
	at app/org.junit.platform.engine@1.9.0/org.junit.platform.engine.support.hierarchical.ThrowableCollector.execute(ThrowableCollector.java:73)
	at app/org.junit.platform.engine@1.9.0/org.junit.platform.engine.support.hierarchical.NodeTestTask.executeRecursively(NodeTestTask.java:138)
	at app/org.junit.platform.engine@1.9.0/org.junit.platform.engine.support.hierarchical.NodeTestTask.execute(NodeTestTask.java:95)
	at java.base@17.0.1/java.util.ArrayList.forEach(ArrayList.java:1511)
	at app/org.junit.platform.engine@1.9.0/org.junit.platform.engine.support.hierarchical.SameThreadHierarchicalTestExecutorService.invokeAll(SameThreadHierarchicalTestExecutorService.java:41)
	at app/org.junit.platform.engine@1.9.0/org.junit.platform.engine.support.hierarchical.NodeTestTask.lambda$executeRecursively$6(NodeTestTask.java:155)
	at app/org.junit.platform.engine@1.9.0/org.junit.platform.engine.support.hierarchical.ThrowableCollector.execute(ThrowableCollector.java:73)
	at app/org.junit.platform.engine@1.9.0/org.junit.platform.engine.support.hierarchical.NodeTestTask.lambda$executeRecursively$8(NodeTestTask.java:141)
	at app/org.junit.platform.engine@1.9.0/org.junit.platform.engine.support.hierarchical.Node.around(Node.java:137)
	at app/org.junit.platform.engine@1.9.0/org.junit.platform.engine.support.hierarchical.NodeTestTask.lambda$executeRecursively$9(NodeTestTask.java:139)
	at app/org.junit.platform.engine@1.9.0/org.junit.platform.engine.support.hierarchical.ThrowableCollector.execute(ThrowableCollector.java:73)
	at app/org.junit.platform.engine@1.9.0/org.junit.platform.engine.support.hierarchical.NodeTestTask.executeRecursively(NodeTestTask.java:138)
	at app/org.junit.platform.engine@1.9.0/org.junit.platform.engine.support.hierarchical.NodeTestTask.execute(NodeTestTask.java:95)
	at java.base@17.0.1/java.util.ArrayList.forEach(ArrayList.java:1511)
	at app/org.junit.platform.engine@1.9.0/org.junit.platform.engine.support.hierarchical.SameThreadHierarchicalTestExecutorService.invokeAll(SameThreadHierarchicalTestExecutorService.java:41)
	at app/org.junit.platform.engine@1.9.0/org.junit.platform.engine.support.hierarchical.NodeTestTask.lambda$executeRecursively$6(NodeTestTask.java:155)
	at app/org.junit.platform.engine@1.9.0/org.junit.platform.engine.support.hierarchical.ThrowableCollector.execute(ThrowableCollector.java:73)
	at app/org.junit.platform.engine@1.9.0/org.junit.platform.engine.support.hierarchical.NodeTestTask.lambda$executeRecursively$8(NodeTestTask.java:141)
	at app/org.junit.platform.engine@1.9.0/org.junit.platform.engine.support.hierarchical.Node.around(Node.java:137)
	at app/org.junit.platform.engine@1.9.0/org.junit.platform.engine.support.hierarchical.NodeTestTask.lambda$executeRecursively$9(NodeTestTask.java:139)
	at app/org.junit.platform.engine@1.9.0/org.junit.platform.engine.support.hierarchical.ThrowableCollector.execute(ThrowableCollector.java:73)
	at app/org.junit.platform.engine@1.9.0/org.junit.platform.engine.support.hierarchical.NodeTestTask.executeRecursively(NodeTestTask.java:138)
	at app/org.junit.platform.engine@1.9.0/org.junit.platform.engine.support.hierarchical.NodeTestTask.execute(NodeTestTask.java:95)
	at app/org.junit.platform.engine@1.9.0/org.junit.platform.engine.support.hierarchical.SameThreadHierarchicalTestExecutorService.submit(SameThreadHierarchicalTestExecutorService.java:35)
	at app/org.junit.platform.engine@1.9.0/org.junit.platform.engine.support.hierarchical.HierarchicalTestExecutor.execute(HierarchicalTestExecutor.java:57)
	at app/org.junit.platform.engine@1.9.0/org.junit.platform.engine.support.hierarchical.HierarchicalTestEngine.execute(HierarchicalTestEngine.java:54)
	at org.junit.platform.launcher.core.EngineExecutionOrchestrator.execute(EngineExecutionOrchestrator.java:108)
	at org.junit.platform.launcher.core.EngineExecutionOrchestrator.execute(EngineExecutionOrchestrator.java:88)
	at org.junit.platform.launcher.core.EngineExecutionOrchestrator.lambda$execute$0(EngineExecutionOrchestrator.java:54)
	at org.junit.platform.launcher.core.EngineExecutionOrchestrator.withInterceptedStreams(EngineExecutionOrchestrator.java:67)
	at org.junit.platform.launcher.core.EngineExecutionOrchestrator.execute(EngineExecutionOrchestrator.java:52)
	at org.junit.platform.launcher.core.DefaultLauncher.execute(DefaultLauncher.java:96)
	at org.junit.platform.launcher.core.DefaultLauncher.execute(DefaultLauncher.java:75)
	at org.gradle.api.internal.tasks.testing.junitplatform.JUnitPlatformTestClassProcessor$CollectAllTestClassesExecutor.processAllTestClasses(JUnitPlatformTestClassProcessor.java:99)
	at org.gradle.api.internal.tasks.testing.junitplatform.JUnitPlatformTestClassProcessor$CollectAllTestClassesExecutor.access$000(JUnitPlatformTestClassProcessor.java:79)
	at org.gradle.api.internal.tasks.testing.junitplatform.JUnitPlatformTestClassProcessor.stop(JUnitPlatformTestClassProcessor.java:75)
	at org.gradle.api.internal.tasks.testing.SuiteTestClassProcessor.stop(SuiteTestClassProcessor.java:61)
	at java.base@17.0.1/jdk.internal.reflect.NativeMethodAccessorImpl.invoke0(Native Method)
	at java.base@17.0.1/jdk.internal.reflect.NativeMethodAccessorImpl.invoke(NativeMethodAccessorImpl.java:77)
	at java.base@17.0.1/jdk.internal.reflect.DelegatingMethodAccessorImpl.invoke(DelegatingMethodAccessorImpl.java:43)
	at java.base@17.0.1/java.lang.reflect.Method.invoke(Method.java:568)
	at org.gradle.internal.dispatch.ReflectionDispatch.dispatch(ReflectionDispatch.java:36)
	at org.gradle.internal.dispatch.ReflectionDispatch.dispatch(ReflectionDispatch.java:24)
	at org.gradle.internal.dispatch.ContextClassLoaderDispatch.dispatch(ContextClassLoaderDispatch.java:33)
	at org.gradle.internal.dispatch.ProxyDispatchAdapter$DispatchingInvocationHandler.invoke(ProxyDispatchAdapter.java:94)
	at jdk.proxy1/jdk.proxy1.$Proxy2.stop(Unknown Source)
	at org.gradle.api.internal.tasks.testing.worker.TestWorker$3.run(TestWorker.java:193)
	at org.gradle.api.internal.tasks.testing.worker.TestWorker.executeAndMaintainThreadName(TestWorker.java:129)
	at org.gradle.api.internal.tasks.testing.worker.TestWorker.execute(TestWorker.java:100)
	at org.gradle.api.internal.tasks.testing.worker.TestWorker.execute(TestWorker.java:60)
	at org.gradle.process.internal.worker.child.ActionExecutionWorker.execute(ActionExecutionWorker.java:56)
	at org.gradle.process.internal.worker.child.SystemApplicationClassLoaderWorker.call(SystemApplicationClassLoaderWorker.java:133)
	at org.gradle.process.internal.worker.child.SystemApplicationClassLoaderWorker.call(SystemApplicationClassLoaderWorker.java:71)
	at app//worker.org.gradle.process.internal.worker.GradleWorkerMain.run(GradleWorkerMain.java:69)
	at app//worker.org.gradle.process.internal.worker.GradleWorkerMain.main(GradleWorkerMain.java:74)
</failure>
  </testcase>
  <testcase name="assertsRatingsCanBeSerialised()" classname="no.hiof.groupproject.tools.db.DatabasePersistenceTest" time="0.068"/>
  <testcase name="assertsRentOutAdCanBeSerialised()" classname="no.hiof.groupproject.tools.db.DatabasePersistenceTest" time="1.865"/>
  <testcase name="assertsLicenseCanBeSerialised()" classname="no.hiof.groupproject.tools.db.DatabasePersistenceTest" time="0.003"/>
  <testcase name="assertsUserProfileIsSerialisedWhenUserClassIsCreated()" classname="no.hiof.groupproject.tools.db.DatabasePersistenceTest" time="0.013"/>
  <testcase name="assertsVehiclesCanBeSerialised()" classname="no.hiof.groupproject.tools.db.DatabasePersistenceTest" time="0.005"/>
  <testcase name="assertsAvailableWithinPeriodCanBeSerialised()" classname="no.hiof.groupproject.tools.db.DatabasePersistenceTest" time="2.02"/>
  <testcase name="assertsUserUpgradeCreatesUserProfile()" classname="no.hiof.groupproject.tools.db.DatabasePersistenceTest" time="0.008"/>
  <testcase name="assertsUserClassCanBeUpdatedAndReserialised()" classname="no.hiof.groupproject.tools.db.DatabasePersistenceTest" time="0.011"/>
  <testcase name="assertsAverageRatingsCanBeUpdated()" classname="no.hiof.groupproject.tools.db.DatabasePersistenceTest" time="0.061"/>
  <testcase name="assertsUserClassBasicIsSerialised()" classname="no.hiof.groupproject.tools.db.DatabasePersistenceTest" time="0.004"/>
  <testcase name="assertsRatingsCanBeUpdated()" classname="no.hiof.groupproject.tools.db.DatabasePersistenceTest" time="0.025"/>
  <testcase name="assertsRentOutAdDateCreatedIsCorrect()" classname="no.hiof.groupproject.tools.db.DatabasePersistenceTest" time="3.862"/>
  <testcase name="assertsInsertAndDeleteFromDB()" classname="no.hiof.groupproject.tools.db.DatabasePersistenceTest" time="0.028"/>
  <testcase name="assertsUserBasicDoesNotCreateUserProfile()" classname="no.hiof.groupproject.tools.db.DatabasePersistenceTest" time="0.003"/>
  <testcase name="assertsBookingsWithDateBeforePresentWillNotBeSerialised()" classname="no.hiof.groupproject.tools.db.DatabasePersistenceTest" time="2.016"/>
  <testcase name="assertsAllVehiclesCanBeDeserialised()" classname="no.hiof.groupproject.tools.db.DatabasePersistenceTest" time="9.911"/>
  <testcase name="assertsPaymentsCanBeSerialised()" classname="no.hiof.groupproject.tools.db.DatabasePersistenceTest" time="0.02"/>
  <testcase name="assertsAverageRatingsCanBeCalculated()" classname="no.hiof.groupproject.tools.db.DatabasePersistenceTest" time="0.034"/>
  <testcase name="assertsUserCanBeEdited()" classname="no.hiof.groupproject.tools.db.DatabasePersistenceTest" time="0.011"/>
  <testcase name="assertsLicensesCanBeSerialised()" classname="no.hiof.groupproject.tools.db.DatabasePersistenceTest" time="0.001"/>
  <testcase name="assertsUserClassIsSerialised()" classname="no.hiof.groupproject.tools.db.DatabasePersistenceTest" time="0.002"/>
  <system-out><![CDATA[[SQLITE_CONSTRAINT_NOTNULL] A NOT NULL constraint failed (NOT NULL constraint failed: users.password)
[SQLITE_CONSTRAINT_NOTNULL] A NOT NULL constraint failed (NOT NULL constraint failed: users.password)
[SQLITE_CONSTRAINT_NOTNULL] A NOT NULL constraint failed (NOT NULL constraint failed: users.password)
[SQLITE_CONSTRAINT_NOTNULL] A NOT NULL constraint failed (NOT NULL constraint failed: users.password)
[SQLITE_CONSTRAINT_NOTNULL] A NOT NULL constraint failed (NOT NULL constraint failed: users.password)
]]></system-out>
  <system-err><![CDATA[]]></system-err>
</testsuite>
