<?xml version="1.0" encoding="UTF-8"?>
<testsuite name="no.hiof.groupproject.Controller.LogInControllerTest" tests="1" skipped="0" failures="0" errors="0" timestamp="2022-10-18T12:00:34" hostname="DESKTOP-K38CI5S" time="0.014">
  <properties/>
  <testcase name="checkMemberValiduser()" classname="no.hiof.groupproject.Controller.LogInControllerTest" time="0.014"/>
  <system-out><![CDATA[]]></system-out>
  <system-err><![CDATA[]]></system-err>
</testsuite>
