<?xml version="1.0" encoding="UTF-8"?>
<testsuite name="no.hiof.groupproject.tools.VerifyInsuranceTest" tests="3" skipped="0" failures="0" errors="0" timestamp="2022-11-16T19:41:14" hostname="DESKTOP-P1M6OUN" time="0.002">
  <properties/>
  <testcase name="TestIfResultsGetRegisteredInHashMap()" classname="no.hiof.groupproject.tools.VerifyInsuranceTest" time="0.0"/>
  <testcase name="TestIfFunctionReturnInsuredIfInsured()" classname="no.hiof.groupproject.tools.VerifyInsuranceTest" time="0.0"/>
  <testcase name="TestIfFunctionReturnNotInsuredIfNotInsured()" classname="no.hiof.groupproject.tools.VerifyInsuranceTest" time="0.0"/>
  <system-out><![CDATA[]]></system-out>
  <system-err><![CDATA[]]></system-err>
</testsuite>
