<?xml version="1.0" encoding="UTF-8"?>
<testsuite name="no.hiof.groupproject.tools.VerifyLogInSignUpTest" tests="4" skipped="0" failures="0" errors="0" timestamp="2022-11-16T19:41:14" hostname="DESKTOP-P1M6OUN" time="0.003">
  <properties/>
  <testcase name="checkMemberValiduser()" classname="no.hiof.groupproject.tools.VerifyLogInSignUpTest" time="0.001"/>
  <testcase name="checkMemberViaSignUpFacebook()" classname="no.hiof.groupproject.tools.VerifyLogInSignUpTest" time="0.001"/>
  <testcase name="checkMemberviaSignUp()" classname="no.hiof.groupproject.tools.VerifyLogInSignUpTest" time="0.0"/>
  <testcase name="checkMemberViaSignUpGoogle()" classname="no.hiof.groupproject.tools.VerifyLogInSignUpTest" time="0.0"/>
  <system-out><![CDATA[]]></system-out>
  <system-err><![CDATA[]]></system-err>
</testsuite>
