<?xml version="1.0" encoding="UTF-8"?>
<testsuite name="no.hiof.groupproject.models.UserProfileTest" tests="2" skipped="0" failures="0" errors="0" timestamp="2022-10-25T06:25:03" hostname="DESKTOP-K38CI5S" time="0.018">
  <properties/>
  <testcase name="check_stuff()" classname="no.hiof.groupproject.models.UserProfileTest" time="0.017"/>
  <testcase name="check_calculate_average_works()" classname="no.hiof.groupproject.models.UserProfileTest" time="0.0"/>
  <system-out><![CDATA[]]></system-out>
  <system-err><![CDATA[]]></system-err>
</testsuite>
