<?xml version="1.0" encoding="UTF-8"?>
<testsuite name="no.hiof.groupproject.tools.NotificationTest" tests="4" skipped="0" failures="0" errors="0" timestamp="2022-10-10T07:44:31" hostname="DESKTOP-K38CI5S" time="0.031">
  <properties/>
  <testcase name="checking_send_to_gui_returns_correctly()" classname="no.hiof.groupproject.tools.NotificationTest" time="0.017"/>
  <testcase name="checking_notification_sends_the_correct_message()" classname="no.hiof.groupproject.tools.NotificationTest" time="0.01"/>
  <testcase name="testToFillArraylistUsingAddmessages()" classname="no.hiof.groupproject.tools.NotificationTest" time="0.001"/>
  <testcase name="checking_email_sends()" classname="no.hiof.groupproject.tools.NotificationTest" time="0.001"/>
  <system-out><![CDATA[Sending message 'Hello' to email address: ash@gmail.com
Sending message 'Hello' to email address: ash@gmail.com
Sending message 'Hi' to email address: ash@gmail.com
]]></system-out>
  <system-err><![CDATA[]]></system-err>
</testsuite>
