<?xml version="1.0" encoding="UTF-8"?>
<testsuite name="no.hiof.groupproject.tools.LicenseTest" tests="5" skipped="0" failures="0" errors="0" timestamp="2022-11-20T15:21:25" hostname="Stians-MacBook-Air.local" time="0.021">
  <properties/>
  <testcase name="CheckIfCountryOfIssueIsNotNorway()" classname="no.hiof.groupproject.tools.LicenseTest" time="0.002"/>
  <testcase name="CheckIfFunctionReturnFalseOnWrongPattern()" classname="no.hiof.groupproject.tools.LicenseTest" time="0.005"/>
  <testcase name="CheckIfCountryOfIssueIsNorway()" classname="no.hiof.groupproject.tools.LicenseTest" time="0.001"/>
  <testcase name="CheckIfFunctionReturnTrueOnCorrectPattern()" classname="no.hiof.groupproject.tools.LicenseTest" time="0.0"/>
  <testcase name="CheckIfDateOfIssueIsBeforeNow()" classname="no.hiof.groupproject.tools.LicenseTest" time="0.002"/>
  <system-out><![CDATA[]]></system-out>
  <system-err><![CDATA[]]></system-err>
</testsuite>
