<?xml version="1.0" encoding="UTF-8"?>
<testsuite name="no.hiof.groupproject.tools.chat.MessageTest" tests="4" skipped="0" failures="0" errors="0" timestamp="2022-11-23T09:07:45" hostname="DESKTOP-P1M6OUN" time="0.036">
  <properties/>
  <testcase name="VerifyThatFormatNowDateReturnCurrentDate()" classname="no.hiof.groupproject.tools.chat.MessageTest" time="0.0"/>
  <testcase name="VerifyThatFormatNowDateReturnCorrectFormat()" classname="no.hiof.groupproject.tools.chat.MessageTest" time="0.001"/>
  <testcase name="VerifyThatFormatNowTimeReturnCurrentTime()" classname="no.hiof.groupproject.tools.chat.MessageTest" time="0.0"/>
  <testcase name="VerifyThatFormatNowTimeReturnCorrectFormat()" classname="no.hiof.groupproject.tools.chat.MessageTest" time="0.0"/>
  <system-out><![CDATA[]]></system-out>
  <system-err><![CDATA[]]></system-err>
</testsuite>
