<?xml version="1.0" encoding="UTF-8"?>
<testsuite name="no.hiof.groupproject.models.RemoveUserTest" tests="3" skipped="0" failures="0" errors="0" timestamp="2022-11-16T17:40:50" hostname="DESKTOP-P1M6OUN" time="2.051">
  <properties/>
  <testcase name="assertsAdvertisementsAreDeletedOnCascade()" classname="no.hiof.groupproject.models.RemoveUserTest" time="1.991"/>
  <testcase name="assertsUserIsRemovedFromDatabase()" classname="no.hiof.groupproject.models.RemoveUserTest" time="0.029"/>
  <testcase name="assertsUserProfileIsRemovedFromDatabaseViaCascade()" classname="no.hiof.groupproject.models.RemoveUserTest" time="0.03"/>
  <system-out><![CDATA[]]></system-out>
  <system-err><![CDATA[]]></system-err>
</testsuite>
