<?xml version="1.0" encoding="UTF-8"?>
<testsuite name="no.hiof.groupproject.tools.LocationTest" tests="6" skipped="0" failures="0" errors="0" timestamp="2022-11-16T19:41:12" hostname="DESKTOP-P1M6OUN" time="2.171">
  <properties/>
  <testcase name="VerifyThatSendGetRequestIsExecuted()" classname="no.hiof.groupproject.tools.LocationTest" time="0.085"/>
  <testcase name="OnGoodConnectionCheckResponseReturn200()" classname="no.hiof.groupproject.tools.LocationTest" time="0.078"/>
  <testcase name="VerifyThatGetDataFromApiReturnsData()" classname="no.hiof.groupproject.tools.LocationTest" time="0.539"/>
  <testcase name="OnBadConnectionThrowRunTimeException()" classname="no.hiof.groupproject.tools.LocationTest" time="0.01"/>
  <testcase name="VerifyThatDataIsMappedToJsonNodeObject()" classname="no.hiof.groupproject.tools.LocationTest" time="0.94"/>
  <testcase name="VerifyThatGetLocationInfoReturnNiceFormattedString()" classname="no.hiof.groupproject.tools.LocationTest" time="0.508"/>
  <system-out><![CDATA[]]></system-out>
  <system-err><![CDATA[]]></system-err>
</testsuite>
