<?xml version="1.0" encoding="UTF-8"?>
<testsuite name="no.hiof.groupproject.tools.db.DatabasePersistenceTest" tests="22" skipped="0" failures="0" errors="0" timestamp="2022-11-10T11:36:15" hostname="DESKTOP-P1M6OUN" time="24.472">
  <properties/>
  <testcase name="assertsBookingsCanBeSerialised()" classname="no.hiof.groupproject.tools.db.DatabasePersistenceTest" time="2.333"/>
  <testcase name="assertsBookingsThatClashWillNotBeSerialised()" classname="no.hiof.groupproject.tools.db.DatabasePersistenceTest" time="1.98"/>
  <testcase name="assertsUserCreatesUserProfile()" classname="no.hiof.groupproject.tools.db.DatabasePersistenceTest" time="0.027"/>
  <testcase name="assertsRentOutAdDateChangedIsUpdated()" classname="no.hiof.groupproject.tools.db.DatabasePersistenceTest" time="6.829"/>
  <testcase name="assertsRatingsCanBeSerialised()" classname="no.hiof.groupproject.tools.db.DatabasePersistenceTest" time="0.083"/>
  <testcase name="assertsRentOutAdCanBeSerialised()" classname="no.hiof.groupproject.tools.db.DatabasePersistenceTest" time="1.919"/>
  <testcase name="assertsUserProfileIsSerialisedWhenUserClassIsCreated()" classname="no.hiof.groupproject.tools.db.DatabasePersistenceTest" time="0.042"/>
  <testcase name="assertsVehiclesCanBeSerialised()" classname="no.hiof.groupproject.tools.db.DatabasePersistenceTest" time="0.007"/>
  <testcase name="assertsAvailableWithinPeriodCanBeSerialised()" classname="no.hiof.groupproject.tools.db.DatabasePersistenceTest" time="1.936"/>
  <testcase name="assertsUserUpgradeCreatesUserProfile()" classname="no.hiof.groupproject.tools.db.DatabasePersistenceTest" time="0.016"/>
  <testcase name="assertsUserClassCanBeUpdatedAndReserialised()" classname="no.hiof.groupproject.tools.db.DatabasePersistenceTest" time="0.018"/>
  <testcase name="assertsAverageRatingsCanBeUpdated()" classname="no.hiof.groupproject.tools.db.DatabasePersistenceTest" time="0.115"/>
  <testcase name="assertsUserClassBasicIsSerialised()" classname="no.hiof.groupproject.tools.db.DatabasePersistenceTest" time="0.015"/>
  <testcase name="assertsRatingsCanBeUpdated()" classname="no.hiof.groupproject.tools.db.DatabasePersistenceTest" time="0.125"/>
  <testcase name="assertsRentOutAdDateCreatedIsCorrect()" classname="no.hiof.groupproject.tools.db.DatabasePersistenceTest" time="6.68"/>
  <testcase name="assertsUserBasicDoesNotCreateUserProfile()" classname="no.hiof.groupproject.tools.db.DatabasePersistenceTest" time="0.015"/>
  <testcase name="assertsBookingsWithDateBeforePresentWillNotBeSerialised()" classname="no.hiof.groupproject.tools.db.DatabasePersistenceTest" time="2.024"/>
  <testcase name="assertsPaymentsCanBeSerialised()" classname="no.hiof.groupproject.tools.db.DatabasePersistenceTest" time="0.066"/>
  <testcase name="assertsAverageRatingsCanBeCalculated()" classname="no.hiof.groupproject.tools.db.DatabasePersistenceTest" time="0.166"/>
  <testcase name="assertsUserCanBeEdited()" classname="no.hiof.groupproject.tools.db.DatabasePersistenceTest" time="0.046"/>
  <testcase name="assertsLicensesCanBeSerialised()" classname="no.hiof.groupproject.tools.db.DatabasePersistenceTest" time="0.003"/>
  <testcase name="assertsUserClassIsSerialised()" classname="no.hiof.groupproject.tools.db.DatabasePersistenceTest" time="0.012"/>
  <system-out><![CDATA[[SQLITE_ERROR] SQL error or missing database (near "@hotmail": syntax error)
[SQLITE_CONSTRAINT_UNIQUE] A UNIQUE constraint failed (UNIQUE constraint failed: payments.email)
[SQLITE_ERROR] SQL error or missing database (near "@hotmail": syntax error)
[SQLITE_CONSTRAINT_UNIQUE] A UNIQUE constraint failed (UNIQUE constraint failed: payments.email)
[SQLITE_ERROR] SQL error or missing database (near "@hotmail": syntax error)
[SQLITE_CONSTRAINT_UNIQUE] A UNIQUE constraint failed (UNIQUE constraint failed: payments.email)
[SQLITE_ERROR] SQL error or missing database (near "@hotmail": syntax error)
[SQLITE_CONSTRAINT_UNIQUE] A UNIQUE constraint failed (UNIQUE constraint failed: payments.email)
[SQLITE_CONSTRAINT_NOTNULL] A NOT NULL constraint failed (NOT NULL constraint failed: users.password)
[SQLITE_CONSTRAINT_NOTNULL] A NOT NULL constraint failed (NOT NULL constraint failed: users.password)
[SQLITE_BUSY] The database file is locked (database is locked)
[SQLITE_BUSY] The database file is locked (database is locked)
[SQLITE_ERROR] SQL error or missing database (near "@hotmail": syntax error)
[SQLITE_CONSTRAINT_UNIQUE] A UNIQUE constraint failed (UNIQUE constraint failed: payments.email)
[SQLITE_CONSTRAINT_NOTNULL] A NOT NULL constraint failed (NOT NULL constraint failed: users.password)
[SQLITE_CONSTRAINT_NOTNULL] A NOT NULL constraint failed (NOT NULL constraint failed: users.password)
[SQLITE_ERROR] SQL error or missing database (near "@amp": syntax error)
[SQLITE_CONSTRAINT_UNIQUE] A UNIQUE constraint failed (UNIQUE constraint failed: payments.email)
[SQLITE_ERROR] SQL error or missing database (near "@mpl": syntax error)
[SQLITE_CONSTRAINT_UNIQUE] A UNIQUE constraint failed (UNIQUE constraint failed: payments.email)
[SQLITE_ERROR] SQL error or missing database (near "@amp": syntax error)
[SQLITE_CONSTRAINT_UNIQUE] A UNIQUE constraint failed (UNIQUE constraint failed: payments.email)
[SQLITE_ERROR] SQL error or missing database (near "@mpl": syntax error)
[SQLITE_CONSTRAINT_UNIQUE] A UNIQUE constraint failed (UNIQUE constraint failed: payments.email)
]]></system-out>
  <system-err><![CDATA[]]></system-err>
</testsuite>
