<?xml version="1.0" encoding="UTF-8"?>
<testsuite name="no.hiof.groupproject.models.RemoveVehicleTest" tests="1" skipped="0" failures="0" errors="0" timestamp="2022-11-16T19:40:01" hostname="DESKTOP-P1M6OUN" time="0.021">
  <properties/>
  <testcase name="assertsVehicleIsRemovedFromDatabase()" classname="no.hiof.groupproject.models.RemoveVehicleTest" time="0.021"/>
  <system-out><![CDATA[]]></system-out>
  <system-err><![CDATA[]]></system-err>
</testsuite>
