<?xml version="1.0" encoding="UTF-8"?>
<testsuite name="no.hiof.groupproject.models.UserProfileTest" tests="2" skipped="0" failures="0" errors="0" timestamp="2022-10-25T12:05:28" hostname="Stians-MacBook-Air.local" time="0.003">
  <properties/>
  <testcase name="check_calculate_average_works()" classname="no.hiof.groupproject.models.UserProfileTest" time="0.0"/>
  <testcase name="check_add_rating_works()" classname="no.hiof.groupproject.models.UserProfileTest" time="0.001"/>
  <system-out><![CDATA[]]></system-out>
  <system-err><![CDATA[]]></system-err>
</testsuite>
