<?xml version="1.0" encoding="UTF-8"?>
<testsuite name="no.hiof.groupproject.tools.VerifyDrivingLicenseTest" tests="5" skipped="0" failures="0" errors="0" timestamp="2022-10-16T12:17:59" hostname="Stians-MacBook-Air.local" time="0.04">
  <properties/>
  <testcase name="CheckIfCountryOfIssueIsNotNorway()" classname="no.hiof.groupproject.tools.VerifyDrivingLicenseTest" time="0.002"/>
  <testcase name="CheckIfFunctionReturnFalseOnWrongPattern()" classname="no.hiof.groupproject.tools.VerifyDrivingLicenseTest" time="0.012"/>
  <testcase name="CheckIfCountryOfIssueIsNorway()" classname="no.hiof.groupproject.tools.VerifyDrivingLicenseTest" time="0.001"/>
  <testcase name="CheckIfFunctionReturnTrueOnCorrectPattern()" classname="no.hiof.groupproject.tools.VerifyDrivingLicenseTest" time="0.001"/>
  <testcase name="CheckIfDateOfIssueIsBeforeNow()" classname="no.hiof.groupproject.tools.VerifyDrivingLicenseTest" time="0.013"/>
  <system-out><![CDATA[]]></system-out>
  <system-err><![CDATA[]]></system-err>
</testsuite>
