<?xml version="1.0" encoding="UTF-8"?>
<testsuite name="no.hiof.groupproject.tools.chat.ChatRoomTest" tests="4" skipped="0" failures="0" errors="0" timestamp="2022-11-14T12:18:21" hostname="Stians-MacBook-Air.local" time="0.116">
  <properties/>
  <testcase name="VerifyThatClearLogClearsTheMessageLog()" classname="no.hiof.groupproject.tools.chat.ChatRoomTest" time="0.037"/>
  <testcase name="VerifyThatSendMessageDoNotStoreMessagesThatExist()" classname="no.hiof.groupproject.tools.chat.ChatRoomTest" time="0.01"/>
  <testcase name="VerifyThatGetMessageLogRetrieveDataFromDatabase()" classname="no.hiof.groupproject.tools.chat.ChatRoomTest" time="0.012"/>
  <testcase name="VerifyThatSendMessageSerialiseMessages()" classname="no.hiof.groupproject.tools.chat.ChatRoomTest" time="0.017"/>
  <system-out><![CDATA[]]></system-out>
  <system-err><![CDATA[]]></system-err>
</testsuite>
