<?xml version="1.0" encoding="UTF-8"?>
<testsuite name="no.hiof.groupproject.tools.chat.ChatRoomTest" tests="5" skipped="0" failures="0" errors="0" timestamp="2022-11-20T18:56:49" hostname="Stians-MacBook-Air.local" time="0.157">
  <properties/>
  <testcase name="VerifyThatClearLogClearsTheMessageLog()" classname="no.hiof.groupproject.tools.chat.ChatRoomTest" time="0.036"/>
  <testcase name="VerifyThatGetLimitedMessageLogRetrieveDataFromDatabase()" classname="no.hiof.groupproject.tools.chat.ChatRoomTest" time="0.018"/>
  <testcase name="VerifyThatSendMessageDoNotStoreMessagesThatExist()" classname="no.hiof.groupproject.tools.chat.ChatRoomTest" time="0.004"/>
  <testcase name="VerifyThatGetMessageLogRetrieveDataFromDatabase()" classname="no.hiof.groupproject.tools.chat.ChatRoomTest" time="0.014"/>
  <testcase name="VerifyThatSendMessageSerialiseMessages()" classname="no.hiof.groupproject.tools.chat.ChatRoomTest" time="0.023"/>
  <system-out><![CDATA[]]></system-out>
  <system-err><![CDATA[]]></system-err>
</testsuite>
