<?xml version="1.0" encoding="UTF-8"?>
<testsuite name="no.hiof.groupproject.tools.LocationTest" tests="6" skipped="0" failures="0" errors="0" timestamp="2022-10-21T09:19:09" hostname="Stians-MacBook-Air.local" time="3.64">
  <properties/>
  <testcase name="VerifyThatSendGetRequestIsExecuted()" classname="no.hiof.groupproject.tools.LocationTest" time="0.159"/>
  <testcase name="OnGoodConnectionCheckResponseReturn200()" classname="no.hiof.groupproject.tools.LocationTest" time="0.78"/>
  <testcase name="VerifyThatGetDataFromApiReturnsData()" classname="no.hiof.groupproject.tools.LocationTest" time="1.345"/>
  <testcase name="OnBadConnectionThrowRunTimeException()" classname="no.hiof.groupproject.tools.LocationTest" time="0.065"/>
  <testcase name="VerifyThatDataIsMappedToJsonNodeObject()" classname="no.hiof.groupproject.tools.LocationTest" time="0.663"/>
  <testcase name="VerifyThatGetLocationInfoReturnNiceFormattedString()" classname="no.hiof.groupproject.tools.LocationTest" time="0.589"/>
  <system-out><![CDATA[]]></system-out>
  <system-err><![CDATA[]]></system-err>
</testsuite>
