<?xml version="1.0" encoding="UTF-8"?>
<testsuite name="no.hiof.groupproject.tools.db.DatabaseTest" tests="7" skipped="0" failures="0" errors="0" timestamp="2022-11-16T17:42:03" hostname="DESKTOP-P1M6OUN" time="0.009">
  <properties/>
  <testcase name="assertsTablesExistInDatabase()" classname="no.hiof.groupproject.tools.db.DatabaseTest" time="0.002"/>
  <testcase name="assertsDefaultDatabaseLocationIsTestDotDb()" classname="no.hiof.groupproject.tools.db.DatabaseTest" time="0.0"/>
  <testcase name="assertsTablesExistInTestDatabase()" classname="no.hiof.groupproject.tools.db.DatabaseTest" time="0.002"/>
  <testcase name="assertsMainDbExists()" classname="no.hiof.groupproject.tools.db.DatabaseTest" time="0.001"/>
  <testcase name="assertsDatabaseLocationCanBeAltered()" classname="no.hiof.groupproject.tools.db.DatabaseTest" time="0.0"/>
  <testcase name="assertsTestableDbExists()" classname="no.hiof.groupproject.tools.db.DatabaseTest" time="0.001"/>
  <testcase name="assertsContrapositiveTableExistenceLogic()" classname="no.hiof.groupproject.tools.db.DatabaseTest" time="0.002"/>
  <system-out><![CDATA[]]></system-out>
  <system-err><![CDATA[]]></system-err>
</testsuite>
