<?xml version="1.0" encoding="UTF-8"?>
<testsuite name="no.hiof.groupproject.tools.LocationTest" tests="6" skipped="0" failures="0" errors="0" timestamp="2022-11-16T17:42:03" hostname="DESKTOP-P1M6OUN" time="2.155">
  <properties/>
  <testcase name="VerifyThatSendGetRequestIsExecuted()" classname="no.hiof.groupproject.tools.LocationTest" time="0.073"/>
  <testcase name="OnGoodConnectionCheckResponseReturn200()" classname="no.hiof.groupproject.tools.LocationTest" time="0.071"/>
  <testcase name="VerifyThatGetDataFromApiReturnsData()" classname="no.hiof.groupproject.tools.LocationTest" time="0.5"/>
  <testcase name="OnBadConnectionThrowRunTimeException()" classname="no.hiof.groupproject.tools.LocationTest" time="0.01"/>
  <testcase name="VerifyThatDataIsMappedToJsonNodeObject()" classname="no.hiof.groupproject.tools.LocationTest" time="0.993"/>
  <testcase name="VerifyThatGetLocationInfoReturnNiceFormattedString()" classname="no.hiof.groupproject.tools.LocationTest" time="0.496"/>
  <system-out><![CDATA[]]></system-out>
  <system-err><![CDATA[]]></system-err>
</testsuite>
